2025-02-22 16:46:00 INFO  Main:35 - saved data reading
2025-02-22 16:46:00 INFO  Main:40 - application start
2025-02-22 16:46:00 INFO  Controller:74 - Main controller initializing
2025-02-22 16:46:09 INFO  NewEditController:89 - new/edit window initializing
2025-02-22 16:46:36 INFO  NewEditController:89 - new/edit window initializing
2025-02-22 16:47:33 INFO  NewEditController:89 - new/edit window initializing
2025-03-04 18:53:35 INFO  Main:35 - saved data reading
2025-03-04 18:53:35 INFO  Main:40 - application start
2025-03-04 18:53:36 INFO  Controller:74 - Main controller initializing
2025-03-04 18:54:04 INFO  TaskInfoController:24 - task info window initializing
2025-03-04 18:54:04 ERROR Controller:127 - error loading task-info.fxml
2025-03-04 19:15:13 INFO  Main:35 - saved data reading
2025-03-04 19:15:13 INFO  Main:40 - application start
2025-03-04 19:15:14 INFO  Controller:74 - Main controller initializing
2025-03-27 16:18:24 ERROR Task:41 - interval < than 1
2025-03-27 16:18:24 ERROR Task:41 - interval < than 1
2025-03-27 16:18:24 ERROR Task:27 - time below bound
2025-03-27 16:32:09 ERROR Task:41 - interval < than 1
2025-03-27 16:32:09 ERROR Task:41 - interval < than 1
2025-03-27 16:32:09 ERROR Task:27 - time below bound
2025-03-27 16:36:32 ERROR Task:41 - interval < than 1
2025-03-27 16:36:32 ERROR Task:37 - time below bound
2025-03-27 16:36:32 ERROR Task:41 - interval < than 1
2025-03-27 16:36:32 ERROR Task:41 - interval < than 1
2025-03-27 16:40:10 ERROR Task:41 - interval < than 1
2025-03-27 16:43:35 ERROR Task:41 - interval < than 1
2025-03-27 16:43:35 ERROR Task:41 - interval < than 1
2025-03-27 16:43:35 ERROR Task:41 - interval < than 1
2025-03-27 16:43:35 ERROR Task:41 - interval < than 1
2025-03-27 16:43:35 ERROR Task:41 - interval < than 1
2025-03-27 16:43:36 ERROR Task:41 - interval < than 1
2025-03-27 16:43:36 ERROR Task:41 - interval < than 1
2025-03-27 16:57:55 ERROR Task:41 - interval < than 1
2025-03-27 16:57:55 ERROR Task:27 - time below bound
2025-03-27 16:59:04 ERROR Task:41 - interval < than 1
2025-03-27 16:59:04 ERROR Task:27 - time below bound
2025-03-27 17:01:07 ERROR Task:41 - interval < than 1
2025-03-27 17:01:07 ERROR Task:27 - time below bound
2025-03-27 17:03:49 ERROR Task:41 - interval < than 1
2025-03-27 17:03:49 ERROR Task:27 - time below bound
